2020-02-19 18:53:14.332  INFO 17504 --- [restartedMain] .ConditionEvaluationDeltaLoggingListener : Condition evaluation unchanged
2020-02-19 18:57:58.116  INFO 17504 --- [Thread-23] o.s.s.concurrent.ThreadPoolTaskExecutor  : Shutting down ExecutorService 'applicationTaskExecutor'
2020-02-19 18:57:58.117  INFO 17504 --- [Thread-23] com.zaxxer.hikari.HikariDataSource       : HikariPool-3 - Shutdown initiated...
2020-02-19 18:57:58.271  INFO 17504 --- [Thread-23] com.zaxxer.hikari.HikariDataSource       : HikariPool-3 - Shutdown completed.
2020-02-19 18:57:58.747  INFO 17504 --- [restartedMain] cn.hewei.stars.StarsApplication          : Starting StarsApplication on DESKTOP-FL22560 with PID 17504 (F:\Review\SpringBootTask\stars\target\classes started by ASUS1 in F:\Review\SpringBootTask\stars)
2020-02-19 18:57:58.750  INFO 17504 --- [restartedMain] cn.hewei.stars.StarsApplication          : No active profile set, falling back to default profiles: default
2020-02-19 18:57:59.011  INFO 17504 --- [restartedMain] o.s.b.w.embedded.tomcat.TomcatWebServer  : Tomcat initialized with port(s): 8887 (http)
2020-02-19 18:57:59.012  INFO 17504 --- [restartedMain] o.apache.catalina.core.StandardService   : Starting service [Tomcat]
2020-02-19 18:57:59.012  INFO 17504 --- [restartedMain] org.apache.catalina.core.StandardEngine  : Starting Servlet engine: [Apache Tomcat/9.0.30]
2020-02-19 18:57:59.027  INFO 17504 --- [restartedMain] o.a.c.c.C.[Tomcat].[localhost].[/]       : Initializing Spring embedded WebApplicationContext
2020-02-19 18:57:59.027  INFO 17504 --- [restartedMain] o.s.web.context.ContextLoader            : Root WebApplicationContext: initialization completed in 275 ms
2020-02-19 18:57:59.040  INFO 17504 --- [restartedMain] com.zaxxer.hikari.HikariDataSource       : HikariPool-4 - Starting...
2020-02-19 18:57:59.047  INFO 17504 --- [restartedMain] com.zaxxer.hikari.HikariDataSource       : HikariPool-4 - Start completed.
2020-02-19 18:57:59.047  INFO 17504 --- [restartedMain] o.s.b.a.h2.H2ConsoleAutoConfiguration    : H2 console available at '/h2-console'. Database available at 'jdbc:h2:F:/DB/h2/stars'
2020-02-19 18:57:59.187  INFO 17504 --- [restartedMain] o.s.s.concurrent.ThreadPoolTaskExecutor  : Initializing ExecutorService 'applicationTaskExecutor'
2020-02-19 18:57:59.200  INFO 17504 --- [restartedMain] o.s.b.a.w.s.WelcomePageHandlerMapping    : Adding welcome page template: index
2020-02-19 18:57:59.303  INFO 17504 --- [restartedMain] o.s.b.d.a.OptionalLiveReloadServer       : LiveReload server is running on port 35729
2020-02-19 18:57:59.329  INFO 17504 --- [restartedMain] o.s.b.w.embedded.tomcat.TomcatWebServer  : Tomcat started on port(s): 8887 (http) with context path ''
2020-02-19 18:57:59.330  INFO 17504 --- [restartedMain] cn.hewei.stars.StarsApplication          : Started StarsApplication in 0.608 seconds (JVM running for 463.773)
2020-02-19 18:57:59.331  INFO 17504 --- [restartedMain] .ConditionEvaluationDeltaLoggingListener : Condition evaluation unchanged
2020-02-19 18:59:28.769  INFO 12904 --- [restartedMain] cn.hewei.stars.StarsApplication          : Starting StarsApplication on DESKTOP-FL22560 with PID 12904 (F:\Review\SpringBootTask\stars\target\classes started by ASUS1 in F:\Review\SpringBootTask\stars)
2020-02-19 18:59:28.770  INFO 12904 --- [restartedMain] cn.hewei.stars.StarsApplication          : No active profile set, falling back to default profiles: default
2020-02-19 18:59:28.819  INFO 12904 --- [restartedMain] .e.DevToolsPropertyDefaultsPostProcessor : Devtools property defaults active! Set 'spring.devtools.add-properties' to 'false' to disable
2020-02-19 18:59:28.819  INFO 12904 --- [restartedMain] .e.DevToolsPropertyDefaultsPostProcessor : For additional web related logging consider setting the 'logging.level.web' property to 'DEBUG'
2020-02-19 18:59:28.848  WARN 12904 --- [background-preinit] o.s.h.c.j.Jackson2ObjectMapperBuilder    : For Jackson Kotlin classes support please add "com.fasterxml.jackson.module:jackson-module-kotlin" to the classpath
2020-02-19 18:59:30.263  INFO 12904 --- [restartedMain] o.s.b.w.embedded.tomcat.TomcatWebServer  : Tomcat initialized with port(s): 8887 (http)
2020-02-19 18:59:30.274  INFO 12904 --- [restartedMain] o.apache.catalina.core.StandardService   : Starting service [Tomcat]
2020-02-19 18:59:30.274  INFO 12904 --- [restartedMain] org.apache.catalina.core.StandardEngine  : Starting Servlet engine: [Apache Tomcat/9.0.30]
2020-02-19 18:59:30.352  INFO 12904 --- [restartedMain] o.a.c.c.C.[Tomcat].[localhost].[/]       : Initializing Spring embedded WebApplicationContext
2020-02-19 18:59:30.352  INFO 12904 --- [restartedMain] o.s.web.context.ContextLoader            : Root WebApplicationContext: initialization completed in 1533 ms
2020-02-19 18:59:30.395  INFO 12904 --- [restartedMain] com.zaxxer.hikari.HikariDataSource       : HikariPool-1 - Starting...
2020-02-19 18:59:30.532  INFO 12904 --- [restartedMain] com.zaxxer.hikari.HikariDataSource       : HikariPool-1 - Start completed.
2020-02-19 18:59:30.540  INFO 12904 --- [restartedMain] o.s.b.a.h2.H2ConsoleAutoConfiguration    : H2 console available at '/h2-console'. Database available at 'jdbc:h2:F:/DB/h2/stars'
2020-02-19 18:59:31.130  INFO 12904 --- [restartedMain] o.s.s.concurrent.ThreadPoolTaskExecutor  : Initializing ExecutorService 'applicationTaskExecutor'
2020-02-19 18:59:31.220  INFO 12904 --- [restartedMain] o.s.b.a.w.s.WelcomePageHandlerMapping    : Adding welcome page template: index
2020-02-19 18:59:31.584  INFO 12904 --- [restartedMain] o.s.b.d.a.OptionalLiveReloadServer       : LiveReload server is running on port 35729
2020-02-19 18:59:31.654  INFO 12904 --- [restartedMain] o.s.b.w.embedded.tomcat.TomcatWebServer  : Tomcat started on port(s): 8887 (http) with context path ''
2020-02-19 18:59:31.659  INFO 12904 --- [restartedMain] cn.hewei.stars.StarsApplication          : Started StarsApplication in 3.311 seconds (JVM running for 4.288)
2020-02-19 19:19:12.392  INFO 12904 --- [http-nio-8887-exec-4] o.a.c.c.C.[Tomcat].[localhost].[/]       : Initializing Spring DispatcherServlet 'dispatcherServlet'
2020-02-19 19:19:12.392  INFO 12904 --- [http-nio-8887-exec-4] o.s.web.servlet.DispatcherServlet        : Initializing Servlet 'dispatcherServlet'
2020-02-19 19:19:12.398  INFO 12904 --- [http-nio-8887-exec-4] o.s.web.servlet.DispatcherServlet        : Completed initialization in 6 ms
2020-02-19 19:19:12.492 DEBUG 12904 --- [http-nio-8887-exec-4] c.h.s.mapper.UserMapper.selectByExample  : ==>  Preparing: select ID, ACCOUNT_ID, NAME, TOKEN, GMT_CREATE, GMT_MODIFIED, BIO, AVATAR_URL from USER WHERE ( TOKEN = ? ) 
2020-02-19 19:19:12.492 DEBUG 12904 --- [http-nio-8887-exec-1] c.h.s.mapper.UserMapper.selectByExample  : ==>  Preparing: select ID, ACCOUNT_ID, NAME, TOKEN, GMT_CREATE, GMT_MODIFIED, BIO, AVATAR_URL from USER WHERE ( TOKEN = ? ) 
2020-02-19 19:19:12.492 DEBUG 12904 --- [http-nio-8887-exec-5] c.h.s.mapper.UserMapper.selectByExample  : ==>  Preparing: select ID, ACCOUNT_ID, NAME, TOKEN, GMT_CREATE, GMT_MODIFIED, BIO, AVATAR_URL from USER WHERE ( TOKEN = ? ) 
2020-02-19 19:19:12.492 DEBUG 12904 --- [http-nio-8887-exec-2] c.h.s.mapper.UserMapper.selectByExample  : ==>  Preparing: select ID, ACCOUNT_ID, NAME, TOKEN, GMT_CREATE, GMT_MODIFIED, BIO, AVATAR_URL from USER WHERE ( TOKEN = ? ) 
2020-02-19 19:19:12.492 DEBUG 12904 --- [http-nio-8887-exec-3] c.h.s.mapper.UserMapper.selectByExample  : ==>  Preparing: select ID, ACCOUNT_ID, NAME, TOKEN, GMT_CREATE, GMT_MODIFIED, BIO, AVATAR_URL from USER WHERE ( TOKEN = ? ) 
2020-02-19 19:19:12.563 DEBUG 12904 --- [http-nio-8887-exec-4] c.h.s.mapper.UserMapper.selectByExample  : ==> Parameters: 82892de2-36bd-470a-9d97-f64e9665a100(String)
2020-02-19 19:19:12.563 DEBUG 12904 --- [http-nio-8887-exec-1] c.h.s.mapper.UserMapper.selectByExample  : ==> Parameters: 82892de2-36bd-470a-9d97-f64e9665a100(String)
2020-02-19 19:19:12.563 DEBUG 12904 --- [http-nio-8887-exec-2] c.h.s.mapper.UserMapper.selectByExample  : ==> Parameters: 82892de2-36bd-470a-9d97-f64e9665a100(String)
2020-02-19 19:19:12.563 DEBUG 12904 --- [http-nio-8887-exec-3] c.h.s.mapper.UserMapper.selectByExample  : ==> Parameters: 82892de2-36bd-470a-9d97-f64e9665a100(String)
2020-02-19 19:19:12.563 DEBUG 12904 --- [http-nio-8887-exec-5] c.h.s.mapper.UserMapper.selectByExample  : ==> Parameters: 82892de2-36bd-470a-9d97-f64e9665a100(String)
2020-02-19 19:19:12.577 DEBUG 12904 --- [http-nio-8887-exec-2] c.h.s.mapper.UserMapper.selectByExample  : <==      Total: 1
2020-02-19 19:19:12.577 DEBUG 12904 --- [http-nio-8887-exec-4] c.h.s.mapper.UserMapper.selectByExample  : <==      Total: 1
2020-02-19 19:19:12.577 DEBUG 12904 --- [http-nio-8887-exec-3] c.h.s.mapper.UserMapper.selectByExample  : <==      Total: 1
2020-02-19 19:19:12.577 DEBUG 12904 --- [http-nio-8887-exec-5] c.h.s.mapper.UserMapper.selectByExample  : <==      Total: 1
2020-02-19 19:19:12.578 DEBUG 12904 --- [http-nio-8887-exec-1] c.h.s.mapper.UserMapper.selectByExample  : <==      Total: 1
2020-02-19 19:19:12.598 DEBUG 12904 --- [http-nio-8887-exec-5] c.h.s.m.N.countByExample                 : ==>  Preparing: select count(*) from NOTIFICATION WHERE ( RECEIVER = ? and STATUS = ? ) 
2020-02-19 19:19:12.599 DEBUG 12904 --- [http-nio-8887-exec-1] c.h.s.m.N.countByExample                 : ==>  Preparing: select count(*) from NOTIFICATION WHERE ( RECEIVER = ? and STATUS = ? ) 
2020-02-19 19:19:12.599 DEBUG 12904 --- [http-nio-8887-exec-2] c.h.s.m.N.countByExample                 : ==>  Preparing: select count(*) from NOTIFICATION WHERE ( RECEIVER = ? and STATUS = ? ) 
2020-02-19 19:19:12.598 DEBUG 12904 --- [http-nio-8887-exec-3] c.h.s.m.N.countByExample                 : ==>  Preparing: select count(*) from NOTIFICATION WHERE ( RECEIVER = ? and STATUS = ? ) 
2020-02-19 19:19:12.600 DEBUG 12904 --- [http-nio-8887-exec-4] c.h.s.m.N.countByExample                 : ==>  Preparing: select count(*) from NOTIFICATION WHERE ( RECEIVER = ? and STATUS = ? ) 
2020-02-19 19:19:12.600 DEBUG 12904 --- [http-nio-8887-exec-4] c.h.s.m.N.countByExample                 : ==> Parameters: 610(Long), 0(Integer)
2020-02-19 19:19:12.600 DEBUG 12904 --- [http-nio-8887-exec-3] c.h.s.m.N.countByExample                 : ==> Parameters: 610(Long), 0(Integer)
2020-02-19 19:19:12.601 DEBUG 12904 --- [http-nio-8887-exec-1] c.h.s.m.N.countByExample                 : ==> Parameters: 610(Long), 0(Integer)
2020-02-19 19:19:12.602 DEBUG 12904 --- [http-nio-8887-exec-5] c.h.s.m.N.countByExample                 : ==> Parameters: 610(Long), 0(Integer)
2020-02-19 19:19:12.601 DEBUG 12904 --- [http-nio-8887-exec-2] c.h.s.m.N.countByExample                 : ==> Parameters: 610(Long), 0(Integer)
2020-02-19 19:19:12.608 DEBUG 12904 --- [http-nio-8887-exec-1] c.h.s.m.N.countByExample                 : <==      Total: 1
2020-02-19 19:19:12.608 DEBUG 12904 --- [http-nio-8887-exec-5] c.h.s.m.N.countByExample                 : <==      Total: 1
2020-02-19 19:19:12.609 DEBUG 12904 --- [http-nio-8887-exec-4] c.h.s.m.N.countByExample                 : <==      Total: 1
2020-02-19 19:19:12.609 DEBUG 12904 --- [http-nio-8887-exec-3] c.h.s.m.N.countByExample                 : <==      Total: 1
2020-02-19 19:19:12.610 DEBUG 12904 --- [http-nio-8887-exec-2] c.h.s.m.N.countByExample                 : <==      Total: 1
2020-02-19 19:19:54.560  INFO 12904 --- [Thread-12] o.s.s.concurrent.ThreadPoolTaskExecutor  : Shutting down ExecutorService 'applicationTaskExecutor'
2020-02-19 19:19:54.561  INFO 12904 --- [Thread-12] com.zaxxer.hikari.HikariDataSource       : HikariPool-1 - Shutdown initiated...
2020-02-19 19:19:54.736  INFO 12904 --- [Thread-12] com.zaxxer.hikari.HikariDataSource       : HikariPool-1 - Shutdown completed.
2020-02-19 19:19:55.188  INFO 12904 --- [restartedMain] cn.hewei.stars.StarsApplication          : Starting StarsApplication on DESKTOP-FL22560 with PID 12904 (F:\Review\SpringBootTask\stars\target\classes started by ASUS1 in F:\Review\SpringBootTask\stars)
2020-02-19 19:19:55.189  INFO 12904 --- [restartedMain] cn.hewei.stars.StarsApplication          : No active profile set, falling back to default profiles: default
2020-02-19 19:19:56.131  INFO 12904 --- [restartedMain] o.s.b.w.embedded.tomcat.TomcatWebServer  : Tomcat initialized with port(s): 8887 (http)
2020-02-19 19:19:56.132  INFO 12904 --- [restartedMain] o.apache.catalina.core.StandardService   : Starting service [Tomcat]
2020-02-19 19:19:56.133  INFO 12904 --- [restartedMain] org.apache.catalina.core.StandardEngine  : Starting Servlet engine: [Apache Tomcat/9.0.30]
2020-02-19 19:19:56.420  INFO 12904 --- [restartedMain] o.a.c.c.C.[Tomcat].[localhost].[/]       : Initializing Spring embedded WebApplicationContext
2020-02-19 19:19:56.420  INFO 12904 --- [restartedMain] o.s.web.context.ContextLoader            : Root WebApplicationContext: initialization completed in 1229 ms
2020-02-19 19:19:56.434  INFO 12904 --- [restartedMain] com.zaxxer.hikari.HikariDataSource       : HikariPool-2 - Starting...
2020-02-19 19:19:56.442  INFO 12904 --- [restartedMain] com.zaxxer.hikari.HikariDataSource       : HikariPool-2 - Start completed.
2020-02-19 19:19:56.442  INFO 12904 --- [restartedMain] o.s.b.a.h2.H2ConsoleAutoConfiguration    : H2 console available at '/h2-console'. Database available at 'jdbc:h2:F:/DB/h2/stars'
2020-02-19 19:19:56.616  WARN 12904 --- [restartedMain] ConfigServletWebServerApplicationContext : Exception encountered during context initialization - cancelling refresh attempt: org.springframework.beans.factory.UnsatisfiedDependencyException: Error creating bean with name 'fileController': Unsatisfied dependency expressed through field 'uCloudProvider'; nested exception is org.springframework.beans.factory.BeanCreationException: Error creating bean with name 'UCloudProvider': Injection of autowired dependencies failed; nested exception is java.lang.IllegalArgumentException: Could not resolve placeholder 'ucloud.ufile.public-key' in value "${ucloud.ufile.public-key}"
2020-02-19 19:19:56.616  INFO 12904 --- [restartedMain] com.zaxxer.hikari.HikariDataSource       : HikariPool-2 - Shutdown initiated...
2020-02-19 19:19:56.779  INFO 12904 --- [restartedMain] com.zaxxer.hikari.HikariDataSource       : HikariPool-2 - Shutdown completed.
2020-02-19 19:19:56.779  INFO 12904 --- [restartedMain] o.apache.catalina.core.StandardService   : Stopping service [Tomcat]
2020-02-19 19:19:56.789  INFO 12904 --- [restartedMain] ConditionEvaluationReportLoggingListener : 

Error starting ApplicationContext. To display the conditions report re-run your application with 'debug' enabled.
2020-02-19 19:19:56.870 ERROR 12904 --- [restartedMain] o.s.boot.SpringApplication               : Application run failed

org.springframework.beans.factory.UnsatisfiedDependencyException: Error creating bean with name 'fileController': Unsatisfied dependency expressed through field 'uCloudProvider'; nested exception is org.springframework.beans.factory.BeanCreationException: Error creating bean with name 'UCloudProvider': Injection of autowired dependencies failed; nested exception is java.lang.IllegalArgumentException: Could not resolve placeholder 'ucloud.ufile.public-key' in value "${ucloud.ufile.public-key}"
	at org.springframework.beans.factory.annotation.AutowiredAnnotationBeanPostProcessor$AutowiredFieldElement.inject(AutowiredAnnotationBeanPostProcessor.java:643) ~[spring-beans-5.2.3.RELEASE.jar:5.2.3.RELEASE]
	at org.springframework.beans.factory.annotation.InjectionMetadata.inject(InjectionMetadata.java:116) ~[spring-beans-5.2.3.RELEASE.jar:5.2.3.RELEASE]
	at org.springframework.beans.factory.annotation.AutowiredAnnotationBeanPostProcessor.postProcessProperties(AutowiredAnnotationBeanPostProcessor.java:399) ~[spring-beans-5.2.3.RELEASE.jar:5.2.3.RELEASE]
	at org.springframework.beans.factory.support.AbstractAutowireCapableBeanFactory.populateBean(AbstractAutowireCapableBeanFactory.java:1422) ~[spring-beans-5.2.3.RELEASE.jar:5.2.3.RELEASE]
	at org.springframework.beans.factory.support.AbstractAutowireCapableBeanFactory.doCreateBean(AbstractAutowireCapableBeanFactory.java:594) ~[spring-beans-5.2.3.RELEASE.jar:5.2.3.RELEASE]
	at org.springframework.beans.factory.support.AbstractAutowireCapableBeanFactory.createBean(AbstractAutowireCapableBeanFactory.java:517) ~[spring-beans-5.2.3.RELEASE.jar:5.2.3.RELEASE]
	at org.springframework.beans.factory.support.AbstractBeanFactory.lambda$doGetBean$0(AbstractBeanFactory.java:323) ~[spring-beans-5.2.3.RELEASE.jar:5.2.3.RELEASE]
	at org.springframework.beans.factory.support.DefaultSingletonBeanRegistry.getSingleton(DefaultSingletonBeanRegistry.java:222) ~[spring-beans-5.2.3.RELEASE.jar:5.2.3.RELEASE]
	at org.springframework.beans.factory.support.AbstractBeanFactory.doGetBean(AbstractBeanFactory.java:321) ~[spring-beans-5.2.3.RELEASE.jar:5.2.3.RELEASE]
	at org.springframework.beans.factory.support.AbstractBeanFactory.getBean(AbstractBeanFactory.java:202) ~[spring-beans-5.2.3.RELEASE.jar:5.2.3.RELEASE]
	at org.springframework.beans.factory.support.DefaultListableBeanFactory.preInstantiateSingletons(DefaultListableBeanFactory.java:879) ~[spring-beans-5.2.3.RELEASE.jar:5.2.3.RELEASE]
	at org.springframework.context.support.AbstractApplicationContext.finishBeanFactoryInitialization(AbstractApplicationContext.java:878) ~[spring-context-5.2.3.RELEASE.jar:5.2.3.RELEASE]
	at org.springframework.context.support.AbstractApplicationContext.refresh(AbstractApplicationContext.java:550) ~[spring-context-5.2.3.RELEASE.jar:5.2.3.RELEASE]
	at org.springframework.boot.web.servlet.context.ServletWebServerApplicationContext.refresh(ServletWebServerApplicationContext.java:141) ~[spring-boot-2.2.4.RELEASE.jar:2.2.4.RELEASE]
	at org.springframework.boot.SpringApplication.refresh(SpringApplication.java:747) [spring-boot-2.2.4.RELEASE.jar:2.2.4.RELEASE]
	at org.springframework.boot.SpringApplication.refreshContext(SpringApplication.java:397) [spring-boot-2.2.4.RELEASE.jar:2.2.4.RELEASE]
	at org.springframework.boot.SpringApplication.run(SpringApplication.java:315) [spring-boot-2.2.4.RELEASE.jar:2.2.4.RELEASE]
	at org.springframework.boot.SpringApplication.run(SpringApplication.java:1226) [spring-boot-2.2.4.RELEASE.jar:2.2.4.RELEASE]
	at org.springframework.boot.SpringApplication.run(SpringApplication.java:1215) [spring-boot-2.2.4.RELEASE.jar:2.2.4.RELEASE]
	at cn.hewei.stars.StarsApplication.main(StarsApplication.java:12) [classes/:na]
	at sun.reflect.NativeMethodAccessorImpl.invoke0(Native Method) ~[na:1.8.0_171]
	at sun.reflect.NativeMethodAccessorImpl.invoke(NativeMethodAccessorImpl.java:62) ~[na:1.8.0_171]
	at sun.reflect.DelegatingMethodAccessorImpl.invoke(DelegatingMethodAccessorImpl.java:43) ~[na:1.8.0_171]
	at java.lang.reflect.Method.invoke(Method.java:498) ~[na:1.8.0_171]
	at org.springframework.boot.devtools.restart.RestartLauncher.run(RestartLauncher.java:49) [spring-boot-devtools-2.2.4.RELEASE.jar:2.2.4.RELEASE]
Caused by: org.springframework.beans.factory.BeanCreationException: Error creating bean with name 'UCloudProvider': Injection of autowired dependencies failed; nested exception is java.lang.IllegalArgumentException: Could not resolve placeholder 'ucloud.ufile.public-key' in value "${ucloud.ufile.public-key}"
	at org.springframework.beans.factory.annotation.AutowiredAnnotationBeanPostProcessor.postProcessProperties(AutowiredAnnotationBeanPostProcessor.java:405) ~[spring-beans-5.2.3.RELEASE.jar:5.2.3.RELEASE]
	at org.springframework.beans.factory.support.AbstractAutowireCapableBeanFactory.populateBean(AbstractAutowireCapableBeanFactory.java:1422) ~[spring-beans-5.2.3.RELEASE.jar:5.2.3.RELEASE]
	at org.springframework.beans.factory.support.AbstractAutowireCapableBeanFactory.doCreateBean(AbstractAutowireCapableBeanFactory.java:594) ~[spring-beans-5.2.3.RELEASE.jar:5.2.3.RELEASE]
	at org.springframework.beans.factory.support.AbstractAutowireCapableBeanFactory.createBean(AbstractAutowireCapableBeanFactory.java:517) ~[spring-beans-5.2.3.RELEASE.jar:5.2.3.RELEASE]
	at org.springframework.beans.factory.support.AbstractBeanFactory.lambda$doGetBean$0(AbstractBeanFactory.java:323) ~[spring-beans-5.2.3.RELEASE.jar:5.2.3.RELEASE]
	at org.springframework.beans.factory.support.DefaultSingletonBeanRegistry.getSingleton(DefaultSingletonBeanRegistry.java:222) ~[spring-beans-5.2.3.RELEASE.jar:5.2.3.RELEASE]
	at org.springframework.beans.factory.support.AbstractBeanFactory.doGetBean(AbstractBeanFactory.java:321) ~[spring-beans-5.2.3.RELEASE.jar:5.2.3.RELEASE]
	at org.springframework.beans.factory.support.AbstractBeanFactory.getBean(AbstractBeanFactory.java:202) ~[spring-beans-5.2.3.RELEASE.jar:5.2.3.RELEASE]
	at org.springframework.beans.factory.config.DependencyDescriptor.resolveCandidate(DependencyDescriptor.java:276) ~[spring-beans-5.2.3.RELEASE.jar:5.2.3.RELEASE]
	at org.springframework.beans.factory.support.DefaultListableBeanFactory.doResolveDependency(DefaultListableBeanFactory.java:1287) ~[spring-beans-5.2.3.RELEASE.jar:5.2.3.RELEASE]
	at org.springframework.beans.factory.support.DefaultListableBeanFactory.resolveDependency(DefaultListableBeanFactory.java:1207) ~[spring-beans-5.2.3.RELEASE.jar:5.2.3.RELEASE]
	at org.springframework.beans.factory.annotation.AutowiredAnnotationBeanPostProcessor$AutowiredFieldElement.inject(AutowiredAnnotationBeanPostProcessor.java:640) ~[spring-beans-5.2.3.RELEASE.jar:5.2.3.RELEASE]
	... 24 common frames omitted
Caused by: java.lang.IllegalArgumentException: Could not resolve placeholder 'ucloud.ufile.public-key' in value "${ucloud.ufile.public-key}"
	at org.springframework.util.PropertyPlaceholderHelper.parseStringValue(PropertyPlaceholderHelper.java:178) ~[spring-core-5.2.3.RELEASE.jar:5.2.3.RELEASE]
	at org.springframework.util.PropertyPlaceholderHelper.replacePlaceholders(PropertyPlaceholderHelper.java:124) ~[spring-core-5.2.3.RELEASE.jar:5.2.3.RELEASE]
	at org.springframework.core.env.AbstractPropertyResolver.doResolvePlaceholders(AbstractPropertyResolver.java:236) ~[spring-core-5.2.3.RELEASE.jar:5.2.3.RELEASE]
	at org.springframework.core.env.AbstractPropertyResolver.resolveRequiredPlaceholders(AbstractPropertyResolver.java:210) ~[spring-core-5.2.3.RELEASE.jar:5.2.3.RELEASE]
	at org.springframework.context.support.PropertySourcesPlaceholderConfigurer.lambda$processProperties$0(PropertySourcesPlaceholderConfigurer.java:175) ~[spring-context-5.2.3.RELEASE.jar:5.2.3.RELEASE]
	at org.springframework.beans.factory.support.AbstractBeanFactory.resolveEmbeddedValue(AbstractBeanFactory.java:908) ~[spring-beans-5.2.3.RELEASE.jar:5.2.3.RELEASE]
	at org.springframework.beans.factory.support.DefaultListableBeanFactory.doResolveDependency(DefaultListableBeanFactory.java:1228) ~[spring-beans-5.2.3.RELEASE.jar:5.2.3.RELEASE]
	at org.springframework.beans.factory.support.DefaultListableBeanFactory.resolveDependency(DefaultListableBeanFactory.java:1207) ~[spring-beans-5.2.3.RELEASE.jar:5.2.3.RELEASE]
	at org.springframework.beans.factory.annotation.AutowiredAnnotationBeanPostProcessor$AutowiredFieldElement.inject(AutowiredAnnotationBeanPostProcessor.java:640) ~[spring-beans-5.2.3.RELEASE.jar:5.2.3.RELEASE]
	at org.springframework.beans.factory.annotation.InjectionMetadata.inject(InjectionMetadata.java:116) ~[spring-beans-5.2.3.RELEASE.jar:5.2.3.RELEASE]
	at org.springframework.beans.factory.annotation.AutowiredAnnotationBeanPostProcessor.postProcessProperties(AutowiredAnnotationBeanPostProcessor.java:399) ~[spring-beans-5.2.3.RELEASE.jar:5.2.3.RELEASE]
	... 35 common frames omitted

